	DEP	apkenv.d
	DEP	linker/dlfcn.d
	DEP	linker/linker.d
	DEP	linker/linker_environ.d
	DEP	linker/rt.d
	DEP	linker/strlcpy.d
	DEP	compat/android_wrappers.d
	DEP	compat/egl_wrappers.d
	DEP	compat/gles2_wrappers.d
	DEP	compat/gles_wrappers.d
	DEP	compat/hooks.d
	DEP	compat/hooks_shm.d
	DEP	compat/libc_wrappers.d
	DEP	compat/liblog_wrappers.d
	DEP	compat/linux_wrappers.d
	DEP	compat/pthread_wrappers.d
	DEP	apklib/apklib.d
	DEP	apklib/ioapi.d
	DEP	apklib/ioapi_mem.d
	DEP	apklib/unzip.d
	DEP	jni/jnienv.d
	DEP	jni/shlib.d
	DEP	imagelib/imagelib.d
	DEP	debug/debug.d
	DEP	debug/wrappers.d
	DEP	debug/wrappers/wrapper_code_arm.d
	DEP	debug/wrappers/wrapper_code_generic_arm.d
	DEP	debug/wrappers/wrapper_code_thumb.d
	DEP	accelerometer/accelerometer.d
	DEP	audio/audio.d
	DEP	mixer/mixer.d
	GEN	compat/gen/gles_serialize.c
	DEP	compat/gen/gles_serialize.d
	DEP	platform/harmattan.d
	DEP	platform/common/input_transform.d
	DEP	modules/angrybirds.d
	DEP	modules/cuttherope.d
	DEP	modules/fruitninja.d
	DEP	modules/generic.d
	DEP	modules/loonies.d
	DEP	modules/marmalade.d
	DEP	modules/nativeactivity.d
	DEP	modules/openframeworks.d
	DEP	modules/petalsredux.d
	DEP	modules/trg2.d
	DEP	modules/unity.d
	DEP	modules/worldofgoo.d
	CC	apkenv.o
	CC	linker/dlfcn.o
	CC	linker/linker.o
	CC	linker/linker_environ.o
	CC	linker/rt.o
	CC	linker/strlcpy.o
	CC	compat/android_wrappers.o
	CC	compat/egl_wrappers.o
	CC	compat/gles2_wrappers.o
	CC	compat/gles_wrappers.o
	CC	compat/hooks.o
	CC	compat/hooks_shm.o
	CC	compat/libc_wrappers.o
	CC	compat/liblog_wrappers.o
	CC	compat/linux_wrappers.o
	CC	compat/pthread_wrappers.o
	CC	apklib/apklib.o
	CC	apklib/ioapi.o
	CC	apklib/ioapi_mem.o
	CC	apklib/unzip.o
	CC	jni/jnienv.o
	CC	jni/shlib.o
	CC	imagelib/imagelib.o
	CC	debug/debug.o
	CC	debug/wrappers.o
	CC	debug/wrappers/wrapper_code_arm.o
	CC	debug/wrappers/wrapper_code_generic_arm.o
	CC (TH)	debug/wrappers/wrapper_code_thumb.o
	CC	accelerometer/accelerometer.o
	CC	audio/audio.o
	CC	mixer/mixer.o
	CC	compat/gen/gles_serialize.o
	CC	platform/harmattan.o
In file included from platform/harmattan.c:40:
platform/common/sdl_audio_impl.h: In function 'sdl_audio_open':
platform/common/sdl_audio_impl.h:52: warning: assignment from incompatible pointer type
	CC	platform/common/input_transform.o
	CC	modules/angrybirds.o
	CC	modules/cuttherope.o
	CC	modules/fruitninja.o
	CC	modules/generic.o
	CC	modules/loonies.o
	CC	modules/marmalade.o
	CC	modules/nativeactivity.o
	CC	modules/openframeworks.o
	CC	modules/petalsredux.o
	CC	modules/trg2.o
	CC	modules/unity.o
	CC	modules/worldofgoo.o
	LINK	apkenv
